[www.google.com/index.html]
[backblue.gif]
[fade.gif]
[index.html]
[ssl.gstatic.com/gb/images/b_8d5afc09.png]
[www.google.com/preferences562e.html]
[www.google.com/images/branding/googlelogo/1x/googlelogo_white_background_color_272x92dp.png]
[www.google.com/finance/indexee49.html]
[www.google.com/advanced_searche806.html]
[www.google.com/index.html]
[www.google.com/intl/ar/policies/privacy/index.html]
[www.google.com/intl/ar/policies/terms/index.html]
[www.google.com/finance/_/GoogleFinanceUi/manifest.json]
[ssl.gstatic.com/finance/favicon/favicon.png]
[ssl.gstatic.com/finance/favicon/finance_v2_120x120.b.delayed]
[www.google.com/finance/index.html]
[ssl.gstatic.com/finance/favicon/finance_v2_152x152.png]
[ssl.gstatic.com/finance/favicon/finance_v2_167x167.png]
[ssl.gstatic.com/finance/favicon/finance_v2_180x180.png]
[ssl.gstatic.com/finance/favicon/finance_v2_192x192.png]
[ssl.gstatic.com/finance/favicon/finance_v2_512x512.png]
[www.google.com/finance/index721e.html]
[www.google.com/finance/gci_91f30755d6a6b787dcc2a4062e6e9824.11.delayed]
[www.google.com/finance/+/index.html]
[www.google.com/finance/Edg/index.html]
[www.google.com/finance/b.12.delayed]
[www.google.com/finance/https_.13.delayed]
[www.google.com/finance/index562e.html]
[www.google.com/finance/indexfef7.html]
[www.google.com/finance/indexc581.html]
[www.google.com/finance/indexaf70.html]
[www.google.com/finance/markets/indexes.html]
[www.google.com/finance/index3a7e.html]
[www.google.com/finance/indexce56.html]
[www.google.com/finance/settings.html]
[www.google.com/finance/indexd294.html]
[www.google.com/finance/indexa3bf.html]
[www.google.com/finance/index539c.html]
[www.google.com/finance/gbar.16.delayed]
[www.google.com/finance/indexecc8.html]
[www.google.com/finance/index0016.html]
[www.google.com/finance/indexaaeb.html]
